{
  "RSpec": {
    "coverage": {
      "/Users/karanmehta/3module/karan_viewing_party_lite/viewing_party_lite/app/helpers/application_helper.rb": {
        "lines": [
          null,
          null,
          1,
          null
        ]
      },
      "/Users/karanmehta/3module/karan_viewing_party_lite/viewing_party_lite/app/facade/tmdb_facade.rb": {
        "lines": [
          1,
          1,
          8,
          8,
          null,
          8,
          null,
          8,
          320,
          null,
          null,
          null,
          1,
          2,
          2,
          null,
          2,
          null,
          2,
          80,
          null,
          null,
          null,
          1,
          8,
          8,
          52,
          null,
          null,
          null,
          1,
          16,
          16,
          16,
          16,
          16,
          16,
          16,
          16,
          null,
          null
        ]
      },
      "/Users/karanmehta/3module/karan_viewing_party_lite/viewing_party_lite/app/models/user.rb": {
        "lines": [
          1,
          1,
          null,
          null,
          null,
          1,
          1,
          1,
          1,
          null,
          1,
          null,
          null,
          null,
          null
        ]
      },
      "/Users/karanmehta/3module/karan_viewing_party_lite/viewing_party_lite/app/models/application_record.rb": {
        "lines": [
          null,
          null,
          1,
          1,
          null
        ]
      },
      "/Users/karanmehta/3module/karan_viewing_party_lite/viewing_party_lite/app/poros/movie.rb": {
        "lines": [
          1,
          1,
          null,
          null,
          null,
          null,
          null,
          null,
          null,
          null,
          null,
          null,
          null,
          1,
          416,
          416,
          416,
          416,
          416,
          416,
          416,
          416,
          416,
          416,
          null,
          null,
          1,
          48,
          null,
          null,
          1,
          16,
          null,
          null,
          1,
          16,
          null,
          null,
          1,
          16,
          16,
          160,
          null,
          16,
          null,
          null
        ]
      },
      "/Users/karanmehta/3module/karan_viewing_party_lite/viewing_party_lite/app/poros/review.rb": {
        "lines": [
          1,
          1,
          null,
          null,
          1,
          52,
          52,
          null,
          null
        ]
      },
      "/Users/karanmehta/3module/karan_viewing_party_lite/viewing_party_lite/app/services/tmdb_service.rb": {
        "lines": [
          1,
          1,
          65,
          65,
          null,
          null,
          null,
          1,
          17,
          null,
          17,
          null,
          null,
          1,
          5,
          null,
          5,
          null,
          null,
          1,
          9,
          null,
          9,
          null,
          null,
          1,
          17,
          null,
          17,
          null,
          null,
          1,
          17,
          null,
          17,
          null,
          null
        ]
      },
      "/Users/karanmehta/3module/karan_viewing_party_lite/viewing_party_lite/app/controllers/discover_controller.rb": {
        "lines": [
          1,
          1,
          7,
          null,
          null
        ]
      },
      "/Users/karanmehta/3module/karan_viewing_party_lite/viewing_party_lite/app/controllers/application_controller.rb": {
        "lines": [
          null,
          null,
          1,
          null
        ]
      },
      "/Users/karanmehta/3module/karan_viewing_party_lite/viewing_party_lite/app/controllers/movie_controller.rb": {
        "lines": [
          1,
          1,
          6,
          6,
          1,
          null,
          5,
          null,
          null,
          null,
          1,
          5,
          5,
          5,
          null,
          null
        ]
      },
      "/Users/karanmehta/3module/karan_viewing_party_lite/viewing_party_lite/app/controllers/homepage_controller.rb": {
        "lines": [
          1,
          1,
          10,
          null,
          null
        ]
      },
      "/Users/karanmehta/3module/karan_viewing_party_lite/viewing_party_lite/app/controllers/users_controller.rb": {
        "lines": [
          1,
          1,
          7,
          7,
          null,
          null,
          null,
          null,
          1,
          null,
          null,
          1,
          2,
          2,
          1,
          1,
          1,
          1,
          1,
          null,
          0,
          null,
          null,
          null,
          1,
          5,
          5,
          1,
          null,
          4,
          4,
          null,
          null,
          null,
          1,
          1,
          2,
          null,
          null
        ]
      },
      "/Users/karanmehta/3module/karan_viewing_party_lite/viewing_party_lite/app/models/viewing_party.rb": {
        "lines": [
          1,
          1,
          null,
          null,
          null,
          null,
          null
        ]
      },
      "/Users/karanmehta/3module/karan_viewing_party_lite/viewing_party_lite/app/controllers/viewing_party_controller.rb": {
        "lines": [
          1,
          1,
          3,
          3,
          3,
          null,
          null,
          1,
          1,
          1,
          null,
          1,
          null,
          1,
          null,
          null,
          null,
          1,
          1,
          1,
          null,
          null
        ]
      },
      "/Users/karanmehta/3module/karan_viewing_party_lite/viewing_party_lite/app/models/user_party.rb": {
        "lines": [
          1,
          1,
          1,
          null
        ]
      },
      "/Users/karanmehta/3module/karan_viewing_party_lite/viewing_party_lite/app/mailers/application_mailer.rb": {
        "lines": [
          null,
          null,
          0,
          0,
          0,
          0
        ],
        "branches": {
        }
      },
      "/Users/karanmehta/3module/karan_viewing_party_lite/viewing_party_lite/app/jobs/application_job.rb": {
        "lines": [
          null,
          null,
          0,
          0
        ],
        "branches": {
        }
      },
      "/Users/karanmehta/3module/karan_viewing_party_lite/viewing_party_lite/app/channels/application_cable/connection.rb": {
        "lines": [
          null,
          null,
          0,
          0,
          0,
          0
        ],
        "branches": {
        }
      },
      "/Users/karanmehta/3module/karan_viewing_party_lite/viewing_party_lite/app/channels/application_cable/channel.rb": {
        "lines": [
          null,
          null,
          0,
          0,
          0,
          0
        ],
        "branches": {
        }
      }
    },
    "timestamp": 1645147498
  }
}
